# JRE version: Java(TM) SE Runtime Environment (8.0_112-b15) (build 1.8.0_112-b15)
# Java VM: Java HotSpot(TM) 64-Bit Server VM (25.112-b15 mixed mode windows-amd64 compressed oops)
Heap:
 PSYoungGen      total 56320K, used 17865K [0x00000007bc400000, 0x00000007c0000000, 0x00000007c0000000)
  eden space 52224K, 26% used [0x00000007bc400000,0x00000007bd1789c8,0x00000007bf700000)
  from space 4096K, 99% used [0x00000007bfc00000,0x00000007bfff9bf0,0x00000007c0000000)
  to   space 4608K, 0% used [0x00000007bf700000,0x00000007bf700000,0x00000007bfb80000)
 ParOldGen       total 179712K, used 64868K [0x0000000700000000, 0x000000070af80000, 0x00000007bc400000)
  object space 179712K, 36% used [0x0000000700000000,0x0000000703f593c8,0x000000070af80000)
 Metaspace       used 73933K, capacity 74613K, committed 75440K, reserved 1114112K
  class space    used 9894K, capacity 10037K, committed 10160K, reserved 1048576K
GC Heap History (10 events):
Event: 342582.683 GC heap before
{Heap before GC invocations=1395 (full 47):
 PSYoungGen      total 59392K, used 59296K [0x00000007bc400000, 0x00000007c0000000, 0x00000007c0000000)
  eden space 57344K, 100% used [0x00000007bc400000,0x00000007bfc00000,0x00000007bfc00000)
  from space 2048K, 95% used [0x00000007bfc00000,0x00000007bfde8000,0x00000007bfe00000)
  to   space 2048K, 0% used [0x00000007bfe00000,0x00000007bfe00000,0x00000007c0000000)
 ParOldGen       total 179712K, used 62792K [0x0000000700000000, 0x000000070af80000, 0x00000007bc400000)
  object space 179712K, 34% used [0x0000000700000000,0x0000000703d520a8,0x000000070af80000)
 Metaspace       used 73768K, capacity 74477K, committed 75184K, reserved 1114112K
  class space    used 9881K, capacity 10035K, committed 10160K, reserved 1048576K
Event: 342582.688 GC heap after
Heap after GC invocations=1395 (full 47):
 PSYoungGen      total 57344K, used 2048K [0x00000007bc400000, 0x00000007c0000000, 0x00000007c0000000)
  eden space 55296K, 0% used [0x00000007bc400000,0x00000007bc400000,0x00000007bfa00000)
  from space 2048K, 100% used [0x00000007bfe00000,0x00000007c0000000,0x00000007c0000000)
  to   space 3072K, 0% used [0x00000007bfa00000,0x00000007bfa00000,0x00000007bfd00000)
 ParOldGen       total 179712K, used 64592K [0x0000000700000000, 0x000000070af80000, 0x00000007bc400000)
  object space 179712K, 35% used [0x0000000700000000,0x0000000703f141f8,0x000000070af80000)
 Metaspace       used 73768K, capacity 74477K, committed 75184K, reserved 1114112K
  class space    used 9881K, capacity 10035K, committed 10160K, reserved 1048576K
}
Event: 342586.443 GC heap before
{Heap before GC invocations=1396 (full 47):
 PSYoungGen      total 57344K, used 57344K [0x00000007bc400000, 0x00000007c0000000, 0x00000007c0000000)
  eden space 55296K, 100% used [0x00000007bc400000,0x00000007bfa00000,0x00000007bfa00000)
  from space 2048K, 100% used [0x00000007bfe00000,0x00000007c0000000,0x00000007c0000000)
  to   space 3072K, 0% used [0x00000007bfa00000,0x00000007bfa00000,0x00000007bfd00000)
 ParOldGen       total 179712K, used 64592K [0x0000000700000000, 0x000000070af80000, 0x00000007bc400000)
  object space 179712K, 35% used [0x0000000700000000,0x0000000703f141f8,0x000000070af80000)
 Metaspace       used 73798K, capacity 74541K, committed 75184K, reserved 1114112K
  class space    used 9881K, capacity 10035K, committed 10160K, reserved 1048576K
Event: 342586.448 GC heap after
Heap after GC invocations=1396 (full 47):
 PSYoungGen      total 58368K, used 2896K [0x00000007bc400000, 0x00000007c0000000, 0x00000007c0000000)
  eden space 55296K, 0% used [0x00000007bc400000,0x00000007bc400000,0x00000007bfa00000)
  from space 3072K, 94% used [0x00000007bfa00000,0x00000007bfcd4010,0x00000007bfd00000)
  to   space 3072K, 0% used [0x00000007bfd00000,0x00000007bfd00000,0x00000007c0000000)
 ParOldGen       total 179712K, used 64632K [0x0000000700000000, 0x000000070af80000, 0x00000007bc400000)
  object space 179712K, 35% used [0x0000000700000000,0x0000000703f1e1f8,0x000000070af80000)
 Metaspace       used 73798K, capacity 74541K, committed 75184K, reserved 1114112K
  class space    used 9881K, capacity 10035K, committed 10160K, reserved 1048576K
}
Event: 342588.558 GC heap before
{Heap before GC invocations=1397 (full 47):
 PSYoungGen      total 58368K, used 58192K [0x00000007bc400000, 0x00000007c0000000, 0x00000007c0000000)
  eden space 55296K, 100% used [0x00000007bc400000,0x00000007bfa00000,0x00000007bfa00000)
  from space 3072K, 94% used [0x00000007bfa00000,0x00000007bfcd4010,0x00000007bfd00000)
  to   space 3072K, 0% used [0x00000007bfd00000,0x00000007bfd00000,0x00000007c0000000)
 ParOldGen       total 179712K, used 64632K [0x0000000700000000, 0x000000070af80000, 0x00000007bc400000)
  object space 179712K, 35% used [0x0000000700000000,0x0000000703f1e1f8,0x000000070af80000)
 Metaspace       used 73803K, capacity 74541K, committed 75184K, reserved 1114112K
  class space    used 9881K, capacity 10035K, committed 10160K, reserved 1048576K
Event: 342588.562 GC heap after
Heap after GC invocations=1397 (full 47):
 PSYoungGen      total 56320K, used 2624K [0x00000007bc400000, 0x00000007c0000000, 0x00000007c0000000)
  eden space 53248K, 0% used [0x00000007bc400000,0x00000007bc400000,0x00000007bf800000)
  from space 3072K, 85% used [0x00000007bfd00000,0x00000007bff90000,0x00000007c0000000)
  to   space 4096K, 0% used [0x00000007bf800000,0x00000007bf800000,0x00000007bfc00000)
 ParOldGen       total 179712K, used 64632K [0x0000000700000000, 0x000000070af80000, 0x00000007bc400000)
  object space 179712K, 35% used [0x0000000700000000,0x0000000703f1e1f8,0x000000070af80000)
 Metaspace       used 73803K, capacity 74541K, committed 75184K, reserved 1114112K
  class space    used 9881K, capacity 10035K, committed 10160K, reserved 1048576K
}
Event: 342606.460 GC heap before
{Heap before GC invocations=1398 (full 47):
 PSYoungGen      total 56320K, used 55872K [0x00000007bc400000, 0x00000007c0000000, 0x00000007c0000000)
  eden space 53248K, 100% used [0x00000007bc400000,0x00000007bf800000,0x00000007bf800000)
  from space 3072K, 85% used [0x00000007bfd00000,0x00000007bff90000,0x00000007c0000000)
  to   space 4096K, 0% used [0x00000007bf800000,0x00000007bf800000,0x00000007bfc00000)
 ParOldGen       total 179712K, used 64632K [0x0000000700000000, 0x000000070af80000, 0x00000007bc400000)
  object space 179712K, 35% used [0x0000000700000000,0x0000000703f1e1f8,0x000000070af80000)
 Metaspace       used 73803K, capacity 74541K, committed 75184K, reserved 1114112K
  class space    used 9881K, capacity 10035K, committed 10160K, reserved 1048576K
Event: 342606.464 GC heap after
Heap after GC invocations=1398 (full 47):
 PSYoungGen      total 57344K, used 2656K [0x00000007bc400000, 0x00000007c0000000, 0x00000007c0000000)
  eden space 53248K, 0% used [0x00000007bc400000,0x00000007bc400000,0x00000007bf800000)
  from space 4096K, 64% used [0x00000007bf800000,0x00000007bfa98000,0x00000007bfc00000)
  to   space 4096K, 0% used [0x00000007bfc00000,0x00000007bfc00000,0x00000007c0000000)
 ParOldGen       total 179712K, used 64664K [0x0000000700000000, 0x000000070af80000, 0x00000007bc400000)
  object space 179712K, 35% used [0x0000000700000000,0x0000000703f261f8,0x000000070af80000)
 Metaspace       used 73803K, capacity 74541K, committed 75184K, reserved 1114112K
  class space    used 9881K, capacity 10035K, committed 10160K, reserved 1048576K
}
Event: 342641.105 GC heap before
{Heap before GC invocations=1399 (full 47):
 PSYoungGen      total 57344K, used 55904K [0x00000007bc400000, 0x00000007c0000000, 0x00000007c0000000)
  eden space 53248K, 100% used [0x00000007bc400000,0x00000007bf800000,0x00000007bf800000)
  from space 4096K, 64% used [0x00000007bf800000,0x00000007bfa98000,0x00000007bfc00000)
  to   space 4096K, 0% used [0x00000007bfc00000,0x00000007bfc00000,0x00000007c0000000)
 ParOldGen       total 179712K, used 64664K [0x0000000700000000, 0x000000070af80000, 0x00000007bc400000)
  object space 179712K, 35% used [0x0000000700000000,0x0000000703f261f8,0x000000070af80000)
 Metaspace       used 73927K, capacity 74613K, committed 75440K, reserved 1114112K
  class space    used 9893K, capacity 10037K, committed 10160K, reserved 1048576K
Event: 342641.110 GC heap after
Heap after GC invocations=1399 (full 47):
 PSYoungGen      total 56320K, used 4070K [0x00000007bc400000, 0x00000007c0000000, 0x00000007c0000000)
  eden space 52224K, 0% used [0x00000007bc400000,0x00000007bc400000,0x00000007bf700000)
  from space 4096K, 99% used [0x00000007bfc00000,0x00000007bfff9bf0,0x00000007c0000000)
  to   space 4608K, 0% used [0x00000007bf700000,0x00000007bf700000,0x00000007bfb80000)
 ParOldGen       total 179712K, used 64868K [0x0000000700000000, 0x000000070af80000, 0x00000007bc400000)
  object space 179712K, 36% used [0x0000000700000000,0x0000000703f593c8,0x000000070af80000)
 Metaspace       used 73927K, capacity 74613K, committed 75440K, reserved 1114112K
  class space    used 9893K, capacity 10037K, committed 10160K, reserved 1048576K
}

